<?xml version="1.0" encoding="UTF-8"?>
<testsuite xmlns:xsi="http://www.w3.org/2001/XMLSchema-instance" xsi:noNamespaceSchemaLocation="https://maven.apache.org/surefire/maven-surefire-plugin/xsd/surefire-test-report.xsd" name="MapperTest" time="24.57" tests="2" errors="0" skipped="0" failures="0">
  <properties>
    <property name="sun.desktop" value="windows"/>
    <property name="awt.toolkit" value="sun.awt.windows.WToolkit"/>
    <property name="file.encoding.pkg" value="sun.io"/>
    <property name="java.specification.version" value="1.8"/>
    <property name="sun.cpu.isalist" value="amd64"/>
    <property name="sun.jnu.encoding" value="GBK"/>
    <property name="java.class.path" value="C:\Users\李智翔\Desktop\isLizxBlog\target\test-classes;C:\Users\李智翔\Desktop\isLizxBlog\target\classes;E:\DeptSoft\apache-maven-3.6.2\RepMaven\org\projectlombok\lombok\1.16.22\lombok-1.16.22.jar;E:\DeptSoft\apache-maven-3.6.2\RepMaven\javax\servlet\javax.servlet-api\3.1.0\javax.servlet-api-3.1.0.jar;E:\DeptSoft\apache-maven-3.6.2\RepMaven\org\springframework\spring-core\4.2.0.RELEASE\spring-core-4.2.0.RELEASE.jar;E:\DeptSoft\apache-maven-3.6.2\RepMaven\org\springframework\spring-beans\4.2.0.RELEASE\spring-beans-4.2.0.RELEASE.jar;E:\DeptSoft\apache-maven-3.6.2\RepMaven\org\springframework\spring-context\4.2.0.RELEASE\spring-context-4.2.0.RELEASE.jar;E:\DeptSoft\apache-maven-3.6.2\RepMaven\org\springframework\spring-expression\4.2.0.RELEASE\spring-expression-4.2.0.RELEASE.jar;E:\DeptSoft\apache-maven-3.6.2\RepMaven\org\springframework\spring-context-support\4.2.0.RELEASE\spring-context-support-4.2.0.RELEASE.jar;E:\DeptSoft\apache-maven-3.6.2\RepMaven\org\springframework\spring-web\4.2.0.RELEASE\spring-web-4.2.0.RELEASE.jar;E:\DeptSoft\apache-maven-3.6.2\RepMaven\org\springframework\spring-test\4.2.0.RELEASE\spring-test-4.2.0.RELEASE.jar;E:\DeptSoft\apache-maven-3.6.2\RepMaven\org\springframework\spring-webmvc\4.2.0.RELEASE\spring-webmvc-4.2.0.RELEASE.jar;E:\DeptSoft\apache-maven-3.6.2\RepMaven\org\springframework\spring-tx\4.2.0.RELEASE\spring-tx-4.2.0.RELEASE.jar;E:\DeptSoft\apache-maven-3.6.2\RepMaven\org\springframework\spring-jdbc\4.2.0.RELEASE\spring-jdbc-4.2.0.RELEASE.jar;E:\DeptSoft\apache-maven-3.6.2\RepMaven\org\springframework\spring-aop\4.2.0.RELEASE\spring-aop-4.2.0.RELEASE.jar;E:\DeptSoft\apache-maven-3.6.2\RepMaven\aopalliance\aopalliance\1.0\aopalliance-1.0.jar;E:\DeptSoft\apache-maven-3.6.2\RepMaven\org\springframework\spring-aspects\4.2.0.RELEASE\spring-aspects-4.2.0.RELEASE.jar;E:\DeptSoft\apache-maven-3.6.2\RepMaven\org\aspectj\aspectjweaver\1.8.6\aspectjweaver-1.8.6.jar;E:\DeptSoft\apache-maven-3.6.2\RepMaven\org\quartz-scheduler\quartz\2.2.1\quartz-2.2.1.jar;E:\DeptSoft\apache-maven-3.6.2\RepMaven\org\mybatis\mybatis\3.4.0\mybatis-3.4.0.jar;E:\DeptSoft\apache-maven-3.6.2\RepMaven\org\mybatis\mybatis-spring\1.3.0\mybatis-spring-1.3.0.jar;E:\DeptSoft\apache-maven-3.6.2\RepMaven\mysql\mysql-connector-java\5.1.30\mysql-connector-java-5.1.30.jar;E:\DeptSoft\apache-maven-3.6.2\RepMaven\c3p0\c3p0\0.9.1.2\c3p0-0.9.1.2.jar;E:\DeptSoft\apache-maven-3.6.2\RepMaven\log4j\log4j\1.2.17\log4j-1.2.17.jar;E:\DeptSoft\apache-maven-3.6.2\RepMaven\org\slf4j\slf4j-log4j12\1.7.21\slf4j-log4j12-1.7.21.jar;E:\DeptSoft\apache-maven-3.6.2\RepMaven\org\slf4j\slf4j-api\1.7.21\slf4j-api-1.7.21.jar;E:\DeptSoft\apache-maven-3.6.2\RepMaven\commons-logging\commons-logging\1.2\commons-logging-1.2.jar;E:\DeptSoft\apache-maven-3.6.2\RepMaven\junit\junit\4.12\junit-4.12.jar;E:\DeptSoft\apache-maven-3.6.2\RepMaven\org\hamcrest\hamcrest-core\1.3\hamcrest-core-1.3.jar;E:\DeptSoft\apache-maven-3.6.2\RepMaven\com\atlassian\commonmark\commonmark\0.10.0\commonmark-0.10.0.jar;E:\DeptSoft\apache-maven-3.6.2\RepMaven\com\atlassian\commonmark\commonmark-ext-heading-anchor\0.10.0\commonmark-ext-heading-anchor-0.10.0.jar;E:\DeptSoft\apache-maven-3.6.2\RepMaven\com\atlassian\commonmark\commonmark-ext-gfm-tables\0.10.0\commonmark-ext-gfm-tables-0.10.0.jar;E:\DeptSoft\apache-maven-3.6.2\RepMaven\commons-fileupload\commons-fileupload\1.2.2\commons-fileupload-1.2.2.jar;E:\DeptSoft\apache-maven-3.6.2\RepMaven\commons-io\commons-io\2.4\commons-io-2.4.jar;E:\DeptSoft\apache-maven-3.6.2\RepMaven\org\thymeleaf\thymeleaf-spring4\3.0.9.RELEASE\thymeleaf-spring4-3.0.9.RELEASE.jar;E:\DeptSoft\apache-maven-3.6.2\RepMaven\org\thymeleaf\thymeleaf\3.0.9.RELEASE\thymeleaf-3.0.9.RELEASE.jar;E:\DeptSoft\apache-maven-3.6.2\RepMaven\org\attoparser\attoparser\2.0.4.RELEASE\attoparser-2.0.4.RELEASE.jar;E:\DeptSoft\apache-maven-3.6.2\RepMaven\org\unbescape\unbescape\1.1.5.RELEASE\unbescape-1.1.5.RELEASE.jar;E:\DeptSoft\apache-maven-3.6.2\RepMaven\com\fasterxml\jackson\core\jackson-databind\2.5.0\jackson-databind-2.5.0.jar;E:\DeptSoft\apache-maven-3.6.2\RepMaven\com\fasterxml\jackson\core\jackson-core\2.5.0\jackson-core-2.5.0.jar;E:\DeptSoft\apache-maven-3.6.2\RepMaven\com\fasterxml\jackson\core\jackson-annotations\2.5.0\jackson-annotations-2.5.0.jar;E:\DeptSoft\apache-maven-3.6.2\RepMaven\org\apache\commons\commons-lang3\3.8\commons-lang3-3.8.jar;E:\DeptSoft\apache-maven-3.6.2\RepMaven\cn\hutool\hutool-all\4.1.13\hutool-all-4.1.13.jar;E:\DeptSoft\apache-maven-3.6.2\RepMaven\net\coobird\thumbnailator\0.4.8\thumbnailator-0.4.8.jar;E:\DeptSoft\apache-maven-3.6.2\RepMaven\io\github\biezhi\oh-my-email\0.0.4\oh-my-email-0.0.4.jar;E:\DeptSoft\apache-maven-3.6.2\RepMaven\com\sun\mail\javax.mail\1.6.2\javax.mail-1.6.2.jar;E:\DeptSoft\apache-maven-3.6.2\RepMaven\javax\activation\activation\1.1\activation-1.1.jar;E:\DeptSoft\apache-maven-3.6.2\RepMaven\com\google\code\gson\gson\2.8.2\gson-2.8.2.jar;E:\DeptSoft\apache-maven-3.6.2\RepMaven\com\github\pagehelper\pagehelper\4.2.1\pagehelper-4.2.1.jar;E:\DeptSoft\apache-maven-3.6.2\RepMaven\com\github\jsqlparser\jsqlparser\0.9.5\jsqlparser-0.9.5.jar;"/>
    <property name="java.vm.vendor" value="Oracle Corporation"/>
    <property name="sun.arch.data.model" value="64"/>
    <property name="user.variant" value=""/>
    <property name="java.vendor.url" value="http://java.oracle.com/"/>
    <property name="user.timezone" value="GMT+08:00"/>
    <property name="java.vm.specification.version" value="1.8"/>
    <property name="os.name" value="Windows 10"/>
    <property name="user.country" value="CN"/>
    <property name="sun.java.launcher" value="SUN_STANDARD"/>
    <property name="sun.boot.library.path" value="F:\jdk1.8.0_131\jdk1.8\jre\bin"/>
    <property name="sun.java.command" value="C:\Users\李智翔\AppData\Local\Temp\surefire2604157585899428725\surefirebooter6803403050270820416.jar C:\Users\李智翔\AppData\Local\Temp\surefire2604157585899428725 2020-02-28T23-49-56_159-jvmRun1 surefire5808233151264215749tmp surefire_07385267941160697700tmp"/>
    <property name="surefire.test.class.path" value="C:\Users\李智翔\Desktop\isLizxBlog\target\test-classes;C:\Users\李智翔\Desktop\isLizxBlog\target\classes;E:\DeptSoft\apache-maven-3.6.2\RepMaven\org\projectlombok\lombok\1.16.22\lombok-1.16.22.jar;E:\DeptSoft\apache-maven-3.6.2\RepMaven\javax\servlet\javax.servlet-api\3.1.0\javax.servlet-api-3.1.0.jar;E:\DeptSoft\apache-maven-3.6.2\RepMaven\org\springframework\spring-core\4.2.0.RELEASE\spring-core-4.2.0.RELEASE.jar;E:\DeptSoft\apache-maven-3.6.2\RepMaven\org\springframework\spring-beans\4.2.0.RELEASE\spring-beans-4.2.0.RELEASE.jar;E:\DeptSoft\apache-maven-3.6.2\RepMaven\org\springframework\spring-context\4.2.0.RELEASE\spring-context-4.2.0.RELEASE.jar;E:\DeptSoft\apache-maven-3.6.2\RepMaven\org\springframework\spring-expression\4.2.0.RELEASE\spring-expression-4.2.0.RELEASE.jar;E:\DeptSoft\apache-maven-3.6.2\RepMaven\org\springframework\spring-context-support\4.2.0.RELEASE\spring-context-support-4.2.0.RELEASE.jar;E:\DeptSoft\apache-maven-3.6.2\RepMaven\org\springframework\spring-web\4.2.0.RELEASE\spring-web-4.2.0.RELEASE.jar;E:\DeptSoft\apache-maven-3.6.2\RepMaven\org\springframework\spring-test\4.2.0.RELEASE\spring-test-4.2.0.RELEASE.jar;E:\DeptSoft\apache-maven-3.6.2\RepMaven\org\springframework\spring-webmvc\4.2.0.RELEASE\spring-webmvc-4.2.0.RELEASE.jar;E:\DeptSoft\apache-maven-3.6.2\RepMaven\org\springframework\spring-tx\4.2.0.RELEASE\spring-tx-4.2.0.RELEASE.jar;E:\DeptSoft\apache-maven-3.6.2\RepMaven\org\springframework\spring-jdbc\4.2.0.RELEASE\spring-jdbc-4.2.0.RELEASE.jar;E:\DeptSoft\apache-maven-3.6.2\RepMaven\org\springframework\spring-aop\4.2.0.RELEASE\spring-aop-4.2.0.RELEASE.jar;E:\DeptSoft\apache-maven-3.6.2\RepMaven\aopalliance\aopalliance\1.0\aopalliance-1.0.jar;E:\DeptSoft\apache-maven-3.6.2\RepMaven\org\springframework\spring-aspects\4.2.0.RELEASE\spring-aspects-4.2.0.RELEASE.jar;E:\DeptSoft\apache-maven-3.6.2\RepMaven\org\aspectj\aspectjweaver\1.8.6\aspectjweaver-1.8.6.jar;E:\DeptSoft\apache-maven-3.6.2\RepMaven\org\quartz-scheduler\quartz\2.2.1\quartz-2.2.1.jar;E:\DeptSoft\apache-maven-3.6.2\RepMaven\org\mybatis\mybatis\3.4.0\mybatis-3.4.0.jar;E:\DeptSoft\apache-maven-3.6.2\RepMaven\org\mybatis\mybatis-spring\1.3.0\mybatis-spring-1.3.0.jar;E:\DeptSoft\apache-maven-3.6.2\RepMaven\mysql\mysql-connector-java\5.1.30\mysql-connector-java-5.1.30.jar;E:\DeptSoft\apache-maven-3.6.2\RepMaven\c3p0\c3p0\0.9.1.2\c3p0-0.9.1.2.jar;E:\DeptSoft\apache-maven-3.6.2\RepMaven\log4j\log4j\1.2.17\log4j-1.2.17.jar;E:\DeptSoft\apache-maven-3.6.2\RepMaven\org\slf4j\slf4j-log4j12\1.7.21\slf4j-log4j12-1.7.21.jar;E:\DeptSoft\apache-maven-3.6.2\RepMaven\org\slf4j\slf4j-api\1.7.21\slf4j-api-1.7.21.jar;E:\DeptSoft\apache-maven-3.6.2\RepMaven\commons-logging\commons-logging\1.2\commons-logging-1.2.jar;E:\DeptSoft\apache-maven-3.6.2\RepMaven\junit\junit\4.12\junit-4.12.jar;E:\DeptSoft\apache-maven-3.6.2\RepMaven\org\hamcrest\hamcrest-core\1.3\hamcrest-core-1.3.jar;E:\DeptSoft\apache-maven-3.6.2\RepMaven\com\atlassian\commonmark\commonmark\0.10.0\commonmark-0.10.0.jar;E:\DeptSoft\apache-maven-3.6.2\RepMaven\com\atlassian\commonmark\commonmark-ext-heading-anchor\0.10.0\commonmark-ext-heading-anchor-0.10.0.jar;E:\DeptSoft\apache-maven-3.6.2\RepMaven\com\atlassian\commonmark\commonmark-ext-gfm-tables\0.10.0\commonmark-ext-gfm-tables-0.10.0.jar;E:\DeptSoft\apache-maven-3.6.2\RepMaven\commons-fileupload\commons-fileupload\1.2.2\commons-fileupload-1.2.2.jar;E:\DeptSoft\apache-maven-3.6.2\RepMaven\commons-io\commons-io\2.4\commons-io-2.4.jar;E:\DeptSoft\apache-maven-3.6.2\RepMaven\org\thymeleaf\thymeleaf-spring4\3.0.9.RELEASE\thymeleaf-spring4-3.0.9.RELEASE.jar;E:\DeptSoft\apache-maven-3.6.2\RepMaven\org\thymeleaf\thymeleaf\3.0.9.RELEASE\thymeleaf-3.0.9.RELEASE.jar;E:\DeptSoft\apache-maven-3.6.2\RepMaven\org\attoparser\attoparser\2.0.4.RELEASE\attoparser-2.0.4.RELEASE.jar;E:\DeptSoft\apache-maven-3.6.2\RepMaven\org\unbescape\unbescape\1.1.5.RELEASE\unbescape-1.1.5.RELEASE.jar;E:\DeptSoft\apache-maven-3.6.2\RepMaven\com\fasterxml\jackson\core\jackson-databind\2.5.0\jackson-databind-2.5.0.jar;E:\DeptSoft\apache-maven-3.6.2\RepMaven\com\fasterxml\jackson\core\jackson-core\2.5.0\jackson-core-2.5.0.jar;E:\DeptSoft\apache-maven-3.6.2\RepMaven\com\fasterxml\jackson\core\jackson-annotations\2.5.0\jackson-annotations-2.5.0.jar;E:\DeptSoft\apache-maven-3.6.2\RepMaven\org\apache\commons\commons-lang3\3.8\commons-lang3-3.8.jar;E:\DeptSoft\apache-maven-3.6.2\RepMaven\cn\hutool\hutool-all\4.1.13\hutool-all-4.1.13.jar;E:\DeptSoft\apache-maven-3.6.2\RepMaven\net\coobird\thumbnailator\0.4.8\thumbnailator-0.4.8.jar;E:\DeptSoft\apache-maven-3.6.2\RepMaven\io\github\biezhi\oh-my-email\0.0.4\oh-my-email-0.0.4.jar;E:\DeptSoft\apache-maven-3.6.2\RepMaven\com\sun\mail\javax.mail\1.6.2\javax.mail-1.6.2.jar;E:\DeptSoft\apache-maven-3.6.2\RepMaven\javax\activation\activation\1.1\activation-1.1.jar;E:\DeptSoft\apache-maven-3.6.2\RepMaven\com\google\code\gson\gson\2.8.2\gson-2.8.2.jar;E:\DeptSoft\apache-maven-3.6.2\RepMaven\com\github\pagehelper\pagehelper\4.2.1\pagehelper-4.2.1.jar;E:\DeptSoft\apache-maven-3.6.2\RepMaven\com\github\jsqlparser\jsqlparser\0.9.5\jsqlparser-0.9.5.jar;"/>
    <property name="sun.cpu.endian" value="little"/>
    <property name="user.home" value="C:\Users\李智翔"/>
    <property name="user.language" value="zh"/>
    <property name="java.specification.vendor" value="Oracle Corporation"/>
    <property name="java.home" value="F:\jdk1.8.0_131\jdk1.8\jre"/>
    <property name="basedir" value="C:\Users\李智翔\Desktop\isLizxBlog"/>
    <property name="file.separator" value="\"/>
    <property name="line.separator" value="&#10;"/>
    <property name="idea.version2019.2.3" value="true"/>
    <property name="java.vm.specification.vendor" value="Oracle Corporation"/>
    <property name="java.specification.name" value="Java Platform API Specification"/>
    <property name="java.awt.graphicsenv" value="sun.awt.Win32GraphicsEnvironment"/>
    <property name="surefire.real.class.path" value="C:\Users\李智翔\AppData\Local\Temp\surefire2604157585899428725\surefirebooter6803403050270820416.jar"/>
    <property name="sun.boot.class.path" value="F:\jdk1.8.0_131\jdk1.8\jre\lib\resources.jar;F:\jdk1.8.0_131\jdk1.8\jre\lib\rt.jar;F:\jdk1.8.0_131\jdk1.8\jre\lib\sunrsasign.jar;F:\jdk1.8.0_131\jdk1.8\jre\lib\jsse.jar;F:\jdk1.8.0_131\jdk1.8\jre\lib\jce.jar;F:\jdk1.8.0_131\jdk1.8\jre\lib\charsets.jar;F:\jdk1.8.0_131\jdk1.8\jre\lib\jfr.jar;F:\jdk1.8.0_131\jdk1.8\jre\classes"/>
    <property name="user.script" value=""/>
    <property name="sun.management.compiler" value="HotSpot 64-Bit Tiered Compilers"/>
    <property name="java.runtime.version" value="1.8.0_131-b11"/>
    <property name="user.name" value="李智翔"/>
    <property name="path.separator" value=";"/>
    <property name="os.version" value="10.0"/>
    <property name="java.endorsed.dirs" value="F:\jdk1.8.0_131\jdk1.8\jre\lib\endorsed"/>
    <property name="java.runtime.name" value="Java(TM) SE Runtime Environment"/>
    <property name="file.encoding" value="GBK"/>
    <property name="java.vm.name" value="Java HotSpot(TM) 64-Bit Server VM"/>
    <property name="localRepository" value="E:\DeptSoft\apache-maven-3.6.2\RepMaven"/>
    <property name="java.vendor.url.bug" value="http://bugreport.sun.com/bugreport/"/>
    <property name="java.io.tmpdir" value="C:\Users\李智翔\AppData\Local\Temp\"/>
    <property name="java.version" value="1.8.0_131"/>
    <property name="user.dir" value="C:\Users\李智翔\Desktop\isLizxBlog"/>
    <property name="os.arch" value="amd64"/>
    <property name="java.vm.specification.name" value="Java Virtual Machine Specification"/>
    <property name="java.awt.printerjob" value="sun.awt.windows.WPrinterJob"/>
    <property name="sun.os.patch.level" value=""/>
    <property name="java.library.path" value="F:\jdk1.8.0_131\jdk1.8\jre\bin;C:\WINDOWS\Sun\Java\bin;C:\WINDOWS\system32;C:\WINDOWS;F:\jdk1.8.0_131\jdk1.8\bin;F:\jdk1.8.0_131\jdk1.8\jre\bin;C:\WINDOWS\system32;C:\WINDOWS;C:\WINDOWS\System32\Wbem;C:\WINDOWS\System32\WindowsPowerShell\v1.0\;C:\WINDOWS\System32\OpenSSH\;E:\MySQL\MySQL Server 5.5\bin;E:\Microsoft SQL Server\110\DTS\Binn\;E:\Microsoft SQL Server(x86)\110\Tools\Binn\;E:\Microsoft SQL Server\110\Tools\Binn\;E:\Microsoft SQL Server(x86)\110\Tools\Binn\ManagementStudio\;C:\Program Files (x86)\Microsoft Visual Studio 10.0\Common7\IDE\PrivateAssemblies\;E:\Microsoft SQL Server(x86)\110\DTS\Binn\;E:\Rational\Rational\common;E:\ADT\adt-bundle-windows-x86-20130219\sdk\platform-tools;D:\TortoiseSVN\bin;E:\DeptSoftPg\apache-tomcat-8.5.50\bin;E:\DeptSoftPg\apache-tomcat-8.5.50\lib;E:\DeptSoft\Git\cmd;C:\Users\李智翔\AppData\Local\Microsoft\WindowsApps;E:\DeptSoft\apache-maven-3.6.2\bin;E:\MySQL\MySQL Server 5.5\bin;;."/>
    <property name="java.vm.info" value="mixed mode"/>
    <property name="java.vendor" value="Oracle Corporation"/>
    <property name="java.vm.version" value="25.131-b11"/>
    <property name="java.ext.dirs" value="F:\jdk1.8.0_131\jdk1.8\jre\lib\ext;C:\WINDOWS\Sun\Java\lib\ext"/>
    <property name="sun.io.unicode.encoding" value="UnicodeLittle"/>
    <property name="maven.repo.local" value="E:\DeptSoft\apache-maven-3.6.2\RepMaven"/>
    <property name="java.class.version" value="52.0"/>
  </properties>
  <testcase name="testCRUD" classname="MapperTest" time="0.029"/>
  <testcase name="test1" classname="MapperTest" time="0.007"/>
</testsuite>